2026.06.10 11:39:33 INFO  Started: Metals version 1.6.7 in folders 'D:\Data\Life\UNPAR\SEM 6\JARKOM\tugas\Tubes' for client Visual Studio Code 1.123.0.
2026.06.10 11:39:33 INFO  Memory monitor started
2026.06.10 11:39:34 WARN  Using H2 2.4.240 which is newer than the version Flyway has been verified with. The latest verified version of H2 is 2.3.232.
2026.06.10 11:39:35 INFO  no build target found for D:\Data\Life\UNPAR\SEM 6\JARKOM\tugas\Tubes\Client.java. Using fallback presentation compiler.
2026.06.10 11:39:35 WARN  no build tool detected in workspace 'D:\Data\Life\UNPAR\SEM 6\JARKOM\tugas\Tubes'. The most common cause for this problem is that the editor was opened in the wrong working directory, for example if you use sbt then the workspace directory should contain build.sbt. 
2026.06.10 11:39:35 WARN  Build server is not auto-connectable.
2026.06.10 11:39:35 WARN  no build target for: D:\Data\Life\UNPAR\SEM 6\JARKOM\tugas\Tubes\Server.java
2026.06.10 11:39:35 WARN  no build target for: D:\Data\Life\UNPAR\SEM 6\JARKOM\tugas\Tubes\Client.java
2026.06.10 11:39:35 INFO  no build target found for D:\Data\Life\UNPAR\SEM 6\JARKOM\tugas\Tubes\Client.java. Using fallback presentation compiler.
2026.06.10 11:39:35 WARN  Running javac-semanticdb failed for file:///D:/Data/Life/UNPAR/SEM%206/JARKOM/tugas/Tubes/Server.java. Output:

2026.06.10 11:39:35 WARN  Running javac-semanticdb failed for file:///D:/Data/Life/UNPAR/SEM%206/JARKOM/tugas/Tubes/Client.java. Output:

2026.06.10 11:39:36 INFO  no build target found for D:\Data\Life\UNPAR\SEM 6\JARKOM\tugas\Tubes\Client.java. Using fallback presentation compiler.
2026.06.10 11:39:37 INFO  no build target found for D:\Data\Life\UNPAR\SEM 6\JARKOM\tugas\Tubes\Server.java. Using fallback presentation compiler.
2026.06.10 11:39:38 INFO  no build target found for D:\Data\Life\UNPAR\SEM 6\JARKOM\tugas\Tubes\Server.java. Using fallback presentation compiler.
2026.06.10 11:39:38 INFO  no build target found for D:\Data\Life\UNPAR\SEM 6\JARKOM\tugas\Tubes\Server.java. Using fallback presentation compiler.
2026.06.10 11:39:39 INFO  no build target found for D:\Data\Life\UNPAR\SEM 6\JARKOM\tugas\Tubes\Server.java. Using fallback presentation compiler.
2026.06.10 11:39:39 WARN  Running javac-semanticdb failed for file:///D:/Data/Life/UNPAR/SEM%206/JARKOM/tugas/Tubes/Server.java. Output:

2026.06.10 11:39:41 INFO  no build target found for D:\Data\Life\UNPAR\SEM 6\JARKOM\tugas\Tubes\Server.java. Using fallback presentation compiler.
2026.06.10 11:39:44 INFO  no build target found for D:\Data\Life\UNPAR\SEM 6\JARKOM\tugas\Tubes\Server.java. Using fallback presentation compiler.
2026.06.10 11:39:44 INFO  no build target found for D:\Data\Life\UNPAR\SEM 6\JARKOM\tugas\Tubes\Server.java. Using fallback presentation compiler.
2026.06.10 11:39:44 INFO  no build target found for D:\Data\Life\UNPAR\SEM 6\JARKOM\tugas\Tubes\Server.java. Using fallback presentation compiler.
Jun 10, 2026 11:39:44 AM org.eclipse.lsp4j.jsonrpc.RemoteEndpoint handleCancellation
WARNING: Unmatched cancel notification for request id 31
2026.06.10 11:39:44 INFO  no build target found for D:\Data\Life\UNPAR\SEM 6\JARKOM\tugas\Tubes\Server.java. Using fallback presentation compiler.
2026.06.10 11:39:45 INFO  no build target found for D:\Data\Life\UNPAR\SEM 6\JARKOM\tugas\Tubes\Server.java. Using fallback presentation compiler.
2026.06.10 11:39:45 INFO  no build target found for D:\Data\Life\UNPAR\SEM 6\JARKOM\tugas\Tubes\Server.java. Using fallback presentation compiler.
2026.06.10 11:39:45 WARN  Running javac-semanticdb failed for file:///D:/Data/Life/UNPAR/SEM%206/JARKOM/tugas/Tubes/Server.java. Output:

2026.06.10 11:39:46 INFO  no build target found for D:\Data\Life\UNPAR\SEM 6\JARKOM\tugas\Tubes\Server.java. Using fallback presentation compiler.
Jun 10, 2026 11:39:46 AM org.eclipse.lsp4j.jsonrpc.RemoteEndpoint handleCancellation
WARNING: Unmatched cancel notification for request id 39
Jun 10, 2026 11:39:46 AM org.eclipse.lsp4j.jsonrpc.RemoteEndpoint handleCancellation
WARNING: Unmatched cancel notification for request id 40
Jun 10, 2026 11:39:46 AM org.eclipse.lsp4j.jsonrpc.RemoteEndpoint handleCancellation
WARNING: Unmatched cancel notification for request id 41
Jun 10, 2026 11:39:46 AM org.eclipse.lsp4j.jsonrpc.RemoteEndpoint handleCancellation
WARNING: Unmatched cancel notification for request id 42
2026.06.10 11:39:50 INFO  no build target found for D:\Data\Life\UNPAR\SEM 6\JARKOM\tugas\Tubes\Server.java. Using fallback presentation compiler.
2026.06.10 11:39:50 INFO  no build target found for D:\Data\Life\UNPAR\SEM 6\JARKOM\tugas\Tubes\Server.java. Using fallback presentation compiler.
2026.06.10 11:39:50 WARN  Running javac-semanticdb failed for file:///D:/Data/Life/UNPAR/SEM%206/JARKOM/tugas/Tubes/Server.java. Output:

Jun 10, 2026 11:39:51 AM org.eclipse.lsp4j.jsonrpc.RemoteEndpoint handleCancellation
WARNING: Unmatched cancel notification for request id 66
2026.06.10 11:39:51 INFO  no build target found for D:\Data\Life\UNPAR\SEM 6\JARKOM\tugas\Tubes\Server.java. Using fallback presentation compiler.
2026.06.10 11:39:55 INFO  no build target found for D:\Data\Life\UNPAR\SEM 6\JARKOM\tugas\Tubes\Server.java. Using fallback presentation compiler.
2026.06.10 11:39:55 INFO  no build target found for D:\Data\Life\UNPAR\SEM 6\JARKOM\tugas\Tubes\Server.java. Using fallback presentation compiler.
2026.06.10 11:39:55 INFO  no build target found for D:\Data\Life\UNPAR\SEM 6\JARKOM\tugas\Tubes\Server.java. Using fallback presentation compiler.
2026.06.10 11:39:56 INFO  no build target found for D:\Data\Life\UNPAR\SEM 6\JARKOM\tugas\Tubes\Server.java. Using fallback presentation compiler.
2026.06.10 11:39:56 INFO  no build target found for D:\Data\Life\UNPAR\SEM 6\JARKOM\tugas\Tubes\Server.java. Using fallback presentation compiler.
2026.06.10 11:39:56 INFO  no build target found for D:\Data\Life\UNPAR\SEM 6\JARKOM\tugas\Tubes\Server.java. Using fallback presentation compiler.
Jun 10, 2026 11:39:57 AM org.eclipse.lsp4j.jsonrpc.RemoteEndpoint handleCancellation
WARNING: Unmatched cancel notification for request id 94
2026.06.10 11:39:56 INFO  no build target found for D:\Data\Life\UNPAR\SEM 6\JARKOM\tugas\Tubes\Server.java. Using fallback presentation compiler.
2026.06.10 11:39:56 INFO  no build target found for D:\Data\Life\UNPAR\SEM 6\JARKOM\tugas\Tubes\Server.java. Using fallback presentation compiler.
2026.06.10 11:39:56 INFO  no build target found for D:\Data\Life\UNPAR\SEM 6\JARKOM\tugas\Tubes\Server.java. Using fallback presentation compiler.
2026.06.10 11:39:57 WARN  Running javac-semanticdb failed for file:///D:/Data/Life/UNPAR/SEM%206/JARKOM/tugas/Tubes/Server.java. Output:

2026.06.10 11:39:57 INFO  no build target found for D:\Data\Life\UNPAR\SEM 6\JARKOM\tugas\Tubes\Server.java. Using fallback presentation compiler.
2026.06.10 11:40:00 WARN  no build target for: D:\Data\Life\UNPAR\SEM 6\JARKOM\tugas\Tubes\Client.java
2026.06.10 11:40:00 INFO  no build target found for D:\Data\Life\UNPAR\SEM 6\JARKOM\tugas\Tubes\Client.java. Using fallback presentation compiler.
2026.06.10 11:40:00 INFO  no build target found for D:\Data\Life\UNPAR\SEM 6\JARKOM\tugas\Tubes\Client.java. Using fallback presentation compiler.
2026.06.10 11:40:05 INFO  no build target found for D:\Data\Life\UNPAR\SEM 6\JARKOM\tugas\Tubes\Client.java. Using fallback presentation compiler.
2026.06.10 11:40:05 INFO  no build target found for D:\Data\Life\UNPAR\SEM 6\JARKOM\tugas\Tubes\Client.java. Using fallback presentation compiler.
2026.06.10 11:40:05 WARN  Running javac-semanticdb failed for file:///D:/Data/Life/UNPAR/SEM%206/JARKOM/tugas/Tubes/Client.java. Output:

2026.06.10 11:40:09 INFO  no build target found for D:\Data\Life\UNPAR\SEM 6\JARKOM\tugas\Tubes\Client.java. Using fallback presentation compiler.
2026.06.10 11:40:09 INFO  no build target found for D:\Data\Life\UNPAR\SEM 6\JARKOM\tugas\Tubes\Client.java. Using fallback presentation compiler.
2026.06.10 11:40:09 INFO  no build target found for D:\Data\Life\UNPAR\SEM 6\JARKOM\tugas\Tubes\Client.java. Using fallback presentation compiler.
2026.06.10 11:40:10 INFO  no build target found for D:\Data\Life\UNPAR\SEM 6\JARKOM\tugas\Tubes\Client.java. Using fallback presentation compiler.
2026.06.10 11:40:10 WARN  Running javac-semanticdb failed for file:///D:/Data/Life/UNPAR/SEM%206/JARKOM/tugas/Tubes/Client.java. Output:

2026.06.10 11:40:10 INFO  no build target found for D:\Data\Life\UNPAR\SEM 6\JARKOM\tugas\Tubes\Client.java. Using fallback presentation compiler.
2026.06.10 11:40:10 INFO  no build target found for D:\Data\Life\UNPAR\SEM 6\JARKOM\tugas\Tubes\Client.java. Using fallback presentation compiler.
2026.06.10 11:40:11 WARN  Running javac-semanticdb failed for file:///D:/Data/Life/UNPAR/SEM%206/JARKOM/tugas/Tubes/Client.java. Output:

2026.06.10 11:40:12 INFO  no build target found for D:\Data\Life\UNPAR\SEM 6\JARKOM\tugas\Tubes\Client.java. Using fallback presentation compiler.
2026.06.10 11:40:12 INFO  no build target found for D:\Data\Life\UNPAR\SEM 6\JARKOM\tugas\Tubes\Client.java. Using fallback presentation compiler.
2026.06.10 11:40:13 INFO  no build target found for D:\Data\Life\UNPAR\SEM 6\JARKOM\tugas\Tubes\Client.java. Using fallback presentation compiler.
2026.06.10 11:40:13 INFO  no build target found for D:\Data\Life\UNPAR\SEM 6\JARKOM\tugas\Tubes\Client.java. Using fallback presentation compiler.
Jun 10, 2026 11:40:14 AM org.eclipse.lsp4j.jsonrpc.RemoteEndpoint handleCancellation
WARNING: Unmatched cancel notification for request id 145
2026.06.10 11:40:14 INFO  no build target found for D:\Data\Life\UNPAR\SEM 6\JARKOM\tugas\Tubes\Client.java. Using fallback presentation compiler.
2026.06.10 11:40:14 INFO  no build target found for D:\Data\Life\UNPAR\SEM 6\JARKOM\tugas\Tubes\Client.java. Using fallback presentation compiler.
2026.06.10 11:40:14 INFO  no build target found for D:\Data\Life\UNPAR\SEM 6\JARKOM\tugas\Tubes\Client.java. Using fallback presentation compiler.
2026.06.10 11:40:14 INFO  no build target found for D:\Data\Life\UNPAR\SEM 6\JARKOM\tugas\Tubes\Client.java. Using fallback presentation compiler.
2026.06.10 11:40:14 INFO  no build target found for D:\Data\Life\UNPAR\SEM 6\JARKOM\tugas\Tubes\Client.java. Using fallback presentation compiler.
2026.06.10 11:40:15 INFO  no build target found for D:\Data\Life\UNPAR\SEM 6\JARKOM\tugas\Tubes\Client.java. Using fallback presentation compiler.
2026.06.10 11:40:16 INFO  no build target found for D:\Data\Life\UNPAR\SEM 6\JARKOM\tugas\Tubes\Client.java. Using fallback presentation compiler.
2026.06.10 11:40:16 INFO  no build target found for D:\Data\Life\UNPAR\SEM 6\JARKOM\tugas\Tubes\Client.java. Using fallback presentation compiler.
2026.06.10 11:40:16 INFO  no build target found for D:\Data\Life\UNPAR\SEM 6\JARKOM\tugas\Tubes\Client.java. Using fallback presentation compiler.
2026.06.10 11:40:16 INFO  no build target found for D:\Data\Life\UNPAR\SEM 6\JARKOM\tugas\Tubes\Client.java. Using fallback presentation compiler.
2026.06.10 11:40:16 WARN  Running javac-semanticdb failed for file:///D:/Data/Life/UNPAR/SEM%206/JARKOM/tugas/Tubes/Client.java. Output:

2026.06.10 11:40:16 INFO  no build target found for D:\Data\Life\UNPAR\SEM 6\JARKOM\tugas\Tubes\Client.java. Using fallback presentation compiler.
2026.06.10 11:40:16 INFO  no build target found for D:\Data\Life\UNPAR\SEM 6\JARKOM\tugas\Tubes\Client.java. Using fallback presentation compiler.
2026.06.10 11:40:16 INFO  no build target found for D:\Data\Life\UNPAR\SEM 6\JARKOM\tugas\Tubes\Client.java. Using fallback presentation compiler.
2026.06.10 11:40:17 INFO  no build target found for D:\Data\Life\UNPAR\SEM 6\JARKOM\tugas\Tubes\Client.java. Using fallback presentation compiler.
2026.06.10 11:40:16 WARN  no build target for: D:\Data\Life\UNPAR\SEM 6\JARKOM\tugas\Tubes\Client.java
2026.06.10 11:40:17 INFO  no build target found for D:\Data\Life\UNPAR\SEM 6\JARKOM\tugas\Tubes\Client.java. Using fallback presentation compiler.
2026.06.10 11:40:19 INFO  no build target found for D:\Data\Life\UNPAR\SEM 6\JARKOM\tugas\Tubes\Server.java. Using fallback presentation compiler.
2026.06.10 11:40:19 WARN  no build target for: D:\Data\Life\UNPAR\SEM 6\JARKOM\tugas\Tubes\Server.java
2026.06.10 11:40:19 INFO  no build target found for D:\Data\Life\UNPAR\SEM 6\JARKOM\tugas\Tubes\Server.java. Using fallback presentation compiler.
2026.06.10 11:40:19 INFO  no build target found for D:\Data\Life\UNPAR\SEM 6\JARKOM\tugas\Tubes\Server.java. Using fallback presentation compiler.
2026.06.10 11:40:19 INFO  no build target found for D:\Data\Life\UNPAR\SEM 6\JARKOM\tugas\Tubes\Server.java. Using fallback presentation compiler.
2026.06.10 11:40:19 INFO  no build target found for D:\Data\Life\UNPAR\SEM 6\JARKOM\tugas\Tubes\Server.java. Using fallback presentation compiler.
Jun 10, 2026 11:40:19 AM org.eclipse.lsp4j.jsonrpc.RemoteEndpoint handleCancellation
WARNING: Unmatched cancel notification for request id 172
2026.06.10 11:40:19 INFO  Created report: Optional[file:///D:/Data/Life/UNPAR/SEM%206/JARKOM/tugas/Tubes/Server.java]
2026.06.10 11:40:19 INFO  QDox parse error in file:///D:/Data/Life/UNPAR/SEM%206/JARKOM/tugas/Tubes/Server.java (full report at: "D:\Data\Life\UNPAR\SEM 6\JARKOM\tugas\Tubes\.metals\.reports\metals-full\2026-06-10\r_qdox-error_11-40-19-795.md")
2026.06.10 11:40:19 INFO  no build target found for D:\Data\Life\UNPAR\SEM 6\JARKOM\tugas\Tubes\Server.java. Using fallback presentation compiler.
2026.06.10 11:40:19 INFO  QDox parse error in file:///D:/Data/Life/UNPAR/SEM%206/JARKOM/tugas/Tubes/Server.java (full report at: "D:\Data\Life\UNPAR\SEM 6\JARKOM\tugas\Tubes\.metals\.reports\metals-full\2026-06-10\r_qdox-error_11-40-19-795.md")
2026.06.10 11:40:19 INFO  no build target found for D:\Data\Life\UNPAR\SEM 6\JARKOM\tugas\Tubes\Server.java. Using fallback presentation compiler.
2026.06.10 11:40:19 INFO  no build target found for D:\Data\Life\UNPAR\SEM 6\JARKOM\tugas\Tubes\Server.java. Using fallback presentation compiler.
2026.06.10 11:40:20 INFO  no build target found for D:\Data\Life\UNPAR\SEM 6\JARKOM\tugas\Tubes\Server.java. Using fallback presentation compiler.
2026.06.10 11:40:20 WARN  no build target for: D:\Data\Life\UNPAR\SEM 6\JARKOM\tugas\Tubes\Server.java
2026.06.10 11:40:20 INFO  no build target found for D:\Data\Life\UNPAR\SEM 6\JARKOM\tugas\Tubes\Server.java. Using fallback presentation compiler.
